<?xml version="1.0" encoding="UTF-8"?>
<!-- Generated by org.testng.reporters.JUnitReportReporter -->
<testsuite hostname="lenovo-PC" name="testScripts.SearchTest" tests="2" failures="0" timestamp="31 May 2021 07:46:45 GMT" time="81.890" errors="0">
  <testcase name="verifyAddingIntoCart" time="48.183" classname="testScripts.SearchTest"/>
  <testcase name="verifySearchResult" time="33.707" classname="testScripts.SearchTest"/>
</testsuite>
