<?xml version="1.0" encoding="UTF-8"?>
<!-- Generated by org.testng.reporters.JUnitReportReporter -->
<testsuite hostname="lenovo-PC" name="testScripts.SearchTest" tests="1" failures="0" timestamp="31 May 2021 07:45:01 GMT" time="32.440" errors="0">
  <testcase name="verifySearchResult" time="32.440" classname="testScripts.SearchTest"/>
</testsuite>
